make.exe all --print-data-base --no-builtin-variables --no-builtin-rules --question
make: *** No rule to make target 'all'.  Stop.

# GNU Make 4.3
# Built for Windows32
# Copyright (C) 1988-2020 Free Software Foundation, Inc.
# License GPLv3+: GNU GPL version 3 or later <http://gnu.org/licenses/gpl.html>
# This is free software: you are free to change and redistribute it.
# There is NO WARRANTY, to the extent permitted by law.

# Make data base, printed on Tue Jul 26 11:49:01 2022

# Variables

# environment
SYSTEMDRIVE = C:
# environment
LC_ALL = C
# environment
USERPROFILE = C:\Users\T T
# environment
LOCALAPPDATA = C:\Users\T T\AppData\Local
# environment
MAIL_PASSWORD = lpibhxtcywlstqco
# environment
VSCODE_CWD = C:\Users\T T\AppData\Local\Programs\Microsoft VS Code
# environment
MAIL_DEFAULT_SENDER = pla243331@gmail.com
# environment
SYSTEMROOT = C:\Windows
# environment
PROCESSOR_LEVEL = 6
# environment
PSMODULEPATH = C:\Program Files\WindowsPowerShell\Modules;C:\Windows\system32\WindowsPowerShell\v1.0\Modules
# default
MAKE_COMMAND := make.exe
# automatic
@D = $(patsubst %/,%,$(patsubst %\,%,$(dir $@)))
# environment
CHROME_CRASHPAD_PIPE_NAME = \\.\pipe\crashpad_7528_RPMQZCVXRTTSLODH
# environment
VSCODE_HANDLES_UNCAUGHT_ERRORS = true
# default
.VARIABLES := 
# automatic
%D = $(patsubst %/,%,$(patsubst %\,%,$(dir $%)))
# automatic
^D = $(patsubst %/,%,$(patsubst %\,%,$(dir $^)))
# automatic
%F = $(notdir $%)
# environment
VSCODE_CODE_CACHE_PATH = C:\Users\T T\AppData\Roaming\Code\CachedData\3b889b090b5ad5793f524b5d1d39fda662b96a2a
# environment
LANG = C
# default
.LOADED := 
# environment
TMP = C:\Users\TT13EF~1\AppData\Local\Temp
# default
.INCLUDE_DIRS = .
# makefile
MAKEFLAGS = pqrR
# environment
ONEDRIVE = C:\Users\T T\OneDrive
# environment
API_KEY = pk_b4f14511013a445b9da04699bfaf0906
# makefile
CURDIR := c:/Users/T T/Desktop/python_flask
# environment
APPLICATION_INSIGHTS_NO_DIAGNOSTIC_CHANNEL = 1
# automatic
*D = $(patsubst %/,%,$(patsubst %\,%,$(dir $*)))
# environment
PROGRAMFILES = C:\Program Files
# environment
MFLAGS = -pqrR
# default
.SHELLFLAGS := -c
# environment
COMMONPROGRAMW6432 = C:\Program Files\Common Files
# automatic
+D = $(patsubst %/,%,$(patsubst %\,%,$(dir $+)))
# makefile
MAKEFILE_LIST := 
# automatic
@F = $(notdir $@)
# environment
VSCODE_PID = 7528
# automatic
?D = $(patsubst %/,%,$(patsubst %\,%,$(dir $?)))
# automatic
*F = $(notdir $*)
# automatic
<D = $(patsubst %/,%,$(patsubst %\,%,$(dir $<)))
# environment
VSCODE_NLS_CONFIG = {"locale":"en-us","availableLanguages":{},"_languagePackSupport":true}
# default
MAKE_HOST := Windows32
# environment
PROGRAMDATA = C:\ProgramData
# default
SHELL := sh.exe
# environment
HOMEPATH = \Users\T T
# default
MAKECMDGOALS := all
# environment
DRIVERDATA = C:\Windows\System32\Drivers\DriverData
# environment
COMSPEC = C:\Windows\system32\cmd.exe
# environment
WINDIR = C:\Windows
# environment
MAKELEVEL := 0
# default
MAKE = $(MAKE_COMMAND)
# environment
PATH = C:\Windows\system32;C:\Windows;C:\Windows\System32\Wbem;C:\Windows\System32\WindowsPowerShell\v1.0\;C:\Windows\System32\OpenSSH\;C:\Program Files\Git\cmd;C:\Users\T T\AppData\Local\Programs\Python\Python310\Scripts\;C:\Users\T T\AppData\Local\Programs\Python\Python310\;C:\Users\T T\AppData\Local\Microsoft\WindowsApps;C:\MinGW\bin;C:\Users\T T\AppData\Local\Programs\Microsoft VS Code\bin;C:\sqlite;C:\Program Files\heroku\bin
# environment
COMPUTERNAME = DESKTOP-23ERDDL
# default
MAKEFILES := 
# automatic
^F = $(notdir $^)
# environment
PROMPT = $P$G
# environment
LOGONSERVER = \\DESKTOP-23ERDDL
# environment
MAIL_USERNAME = pla243331@gmail.com
# environment
USERNAME = T T
# environment
COMMONPROGRAMFILES = C:\Program Files\Common Files
# automatic
?F = $(notdir $?)
# environment
PROGRAMW6432 = C:\Program Files
# environment
PATHEXT = .COM;.EXE;.BAT;.CMD;.VBS;.VBE;.JS;.JSE;.WSF;.WSH;.MSC
# automatic
+F = $(notdir $+)
# environment
ORIGINAL_XDG_CURRENT_DESKTOP = undefined
# environment
USERDOMAIN = DESKTOP-23ERDDL
# 'override' directive
GNUMAKEFLAGS := 
# environment
OS = Windows_NT
# makefile
.DEFAULT_GOAL := 
# default
MAKE_VERSION := 4.3
# environment
PROGRAMFILES(X86) = C:\Program Files (x86)
# environment
USERDOMAIN_ROAMINGPROFILE = DESKTOP-23ERDDL
# environment
NUMBER_OF_PROCESSORS = 4
# environment
PUBLIC = C:\Users\Public
# environment
APPDATA = C:\Users\T T\AppData\Roaming
# environment
HOMEDRIVE = C:
# environment
PROCESSOR_ARCHITECTURE = AMD64
# environment
VSCODE_AMD_ENTRYPOINT = vs/workbench/api/node/extensionHostProcess
# environment
COMMONPROGRAMFILES(X86) = C:\Program Files (x86)\Common Files
# environment
ELECTRON_RUN_AS_NODE = 1
# environment
TEMP = C:\Users\TT13EF~1\AppData\Local\Temp
# environment
VSCODE_IPC_HOOK = \\.\pipe\11b706ab1f13b6a22c3f9c18ca519ee4-1.69.2-main-sock
# default
.RECIPEPREFIX := 
# automatic
<F = $(notdir $<)
# default
SUFFIXES := 
# environment
ALLUSERSPROFILE = C:\ProgramData
# environment
SESSIONNAME = Console
# environment
DATABASE_URL = postgres://djnvduxfnxrnny:61b404d3ae735e2acbaddfa573aa3c1fdd6562aa87eb9947cc2ac6ac0353332a@ec2-54-87-179-4.compute-1.amazonaws.com:5432/d4rihl9vr04cq6
# default
.FEATURES := target-specific order-only second-expansion else-if shortest-stem undefine oneshell nocomment grouped-target extra-prereqs archives jobserver output-sync load
# environment
PROCESSOR_REVISION = 3d04
# environment
PROCESSOR_IDENTIFIER = Intel64 Family 6 Model 61 Stepping 4, GenuineIntel
# variable set hash-table stats:
# Load=91/1024=9%, Rehash=0, Collisions=7/115=6%

# Pattern-specific Variable Values

# No pattern-specific variable values.

# Directories

# . (key c:/Users/T T/Desktop/python_flask, mtime 1658807262): 17 files, no impossibilities.

# 17 files, no impossibilities in 1 directories.

# Implicit Rules

# No implicit rules.

# Files

# Not a target:
Makefile:
#  Implicit rule search has been done.
#  File does not exist.
#  File has been updated.
#  Failed to be updated.

# Not a target:
.DEFAULT:
#  Implicit rule search has not been done.
#  Modification time never checked.
#  File has not been updated.

# Not a target:
all:
#  Command line target.
#  Implicit rule search has been done.
#  File does not exist.
#  File has not been updated.

# Not a target:
makefile:
#  Implicit rule search has been done.
#  File does not exist.
#  File has been updated.
#  Failed to be updated.

# Not a target:
makefile.mak:
#  Implicit rule search has been done.
#  File does not exist.
#  File has been updated.
#  Failed to be updated.

# Not a target:
GNUmakefile:
#  Implicit rule search has been done.
#  File does not exist.
#  File has been updated.
#  Failed to be updated.

# files hash-table stats:
# Load=7/1024=1%, Rehash=0, Collisions=0/16=0%
# VPATH Search Paths

# No 'vpath' search paths.

# No general ('VPATH' variable) search path.

# strcache buffers: 1 (0) / strings = 24 / storage = 198 B / avg = 8 B
# current buf: size = 8162 B / used = 198 B / count = 24 / avg = 8 B

# strcache performance: lookups = 27 / hit rate = 11%
# hash-table stats:
# Load=24/8192=0%, Rehash=0, Collisions=0/27=0%
# Finished Make data base on Tue Jul 26 11:49:01 2022

 
